#
# A fatal error has been detected by the Java Runtime Environment:
#
#  EXCEPTION_ACCESS_VIOLATION (0xc0000005) at pc=0x0000000067792026, pid=14636, tid=7356
#
# JRE version: Java(TM) SE Runtime Environment (15.0.2+7) (build 15.0.2+7-27)
# Java VM: Java HotSpot(TM) 64-Bit Server VM (15.0.2+7-27, mixed mode, sharing, tiered, compressed oops, g1 gc, windows-amd64)
# Problematic frame:
# C  [sqlite-3.32.3.2-e25db862-0c89-4e31-b1b1-b0f98a45bd2f-sqlitejdbc.dll+0x12026]
#
# No core dump will be written. Minidumps are not enabled by default on client versions of Windows
#
# If you would like to submit a bug report, please visit:
#   https://bugreport.java.com/bugreport/crash.jsp
# The crash happened outside the Java Virtual Machine in native code.
# See problematic frame for where to report the bug.
#

---------------  S U M M A R Y ------------

Command Line: -javaagent:C:\Program Files\JetBrains\Новая папка (2)\IntelliJ IDEA Community Edition 2020.3.2\lib\idea_rt.jar=53936:C:\Program Files\JetBrains\Новая папка (2)\IntelliJ IDEA Community Edition 2020.3.2\bin -Dfile.encoding=UTF-8 com.company.Main

Host: Intel(R) Core(TM) i3-5005U CPU @ 2.00GHz, 4 cores, 7G,  Windows 10 , 64 bit Build 18362 (10.0.18362.329)
Time: Sat Apr 24 11:29:41 2021 RTZ 7 (ceia) elapsed time: 1.852370 seconds (0d 0h 0m 1s)

---------------  T H R E A D  ---------------

Current thread (0x0000027b424d3fb0):  JavaThread "AWT-EventQueue-0" [_thread_in_native, id=7356, stack(0x000000a19fc00000,0x000000a19fd00000)]

Stack: [0x000000a19fc00000,0x000000a19fd00000],  sp=0x000000a19fcfd7d0,  free space=1013k
Native frames: (J=compiled Java code, j=interpreted, Vv=VM code, C=native code)
C  [sqlite-3.32.3.2-e25db862-0c89-4e31-b1b1-b0f98a45bd2f-sqlitejdbc.dll+0x12026]

Java frames: (J=compiled Java code, j=interpreted, Vv=VM code)
j  org.sqlite.core.NativeDB.column_int(JI)I+0
j  org.sqlite.jdbc3.JDBC3ResultSet.getInt(I)I+18
j  org.sqlite.jdbc3.JDBC3ResultSet.getInt(Ljava/lang/String;)I+6
j  com.company.Model.DBWorker.getClients()Ljava/util/List;+42
j  com.company.Model.TMClients.<init>()V+8
j  com.company.View.FrameClients.<clinit>()V+4
v  ~StubRoutines::call_stub
j  com.company.View.MyFrame$1.actionPerformed(Ljava/awt/event/ActionEvent;)V+0
j  javax.swing.AbstractButton.fireActionPerformed(Ljava/awt/event/ActionEvent;)V+84 java.desktop@15.0.2
j  javax.swing.AbstractButton$Handler.actionPerformed(Ljava/awt/event/ActionEvent;)V+5 java.desktop@15.0.2
j  javax.swing.DefaultButtonModel.fireActionPerformed(Ljava/awt/event/ActionEvent;)V+34 java.desktop@15.0.2
j  javax.swing.DefaultButtonModel.setPressed(Z)V+117 java.desktop@15.0.2
j  javax.swing.plaf.basic.BasicButtonListener.mouseReleased(Ljava/awt/event/MouseEvent;)V+35 java.desktop@15.0.2
j  java.awt.Component.processMouseEvent(Ljava/awt/event/MouseEvent;)V+64 java.desktop@15.0.2
j  javax.swing.JComponent.processMouseEvent(Ljava/awt/event/MouseEvent;)V+23 java.desktop@15.0.2
j  java.awt.Component.processEvent(Ljava/awt/AWTEvent;)V+81 java.desktop@15.0.2
j  java.awt.Container.processEvent(Ljava/awt/AWTEvent;)V+18 java.desktop@15.0.2
j  java.awt.Component.dispatchEventImpl(Ljava/awt/AWTEvent;)V+496 java.desktop@15.0.2
j  java.awt.Container.dispatchEventImpl(Ljava/awt/AWTEvent;)V+42 java.desktop@15.0.2
j  java.awt.Component.dispatchEvent(Ljava/awt/AWTEvent;)V+2 java.desktop@15.0.2
j  java.awt.LightweightDispatcher.retargetMouseEvent(Ljava/awt/Component;ILjava/awt/event/MouseEvent;)V+349 java.desktop@15.0.2
j  java.awt.LightweightDispatcher.processMouseEvent(Ljava/awt/event/MouseEvent;)Z+155 java.desktop@15.0.2
j  java.awt.LightweightDispatcher.dispatchEvent(Ljava/awt/AWTEvent;)Z+50 java.desktop@15.0.2
j  java.awt.Container.dispatchEventImpl(Ljava/awt/AWTEvent;)V+12 java.desktop@15.0.2
j  java.awt.Window.dispatchEventImpl(Ljava/awt/AWTEvent;)V+19 java.desktop@15.0.2
j  java.awt.Component.dispatchEvent(Ljava/awt/AWTEvent;)V+2 java.desktop@15.0.2
j  java.awt.EventQueue.dispatchEventImpl(Ljava/awt/AWTEvent;Ljava/lang/Object;)V+41 java.desktop@15.0.2
j  java.awt.EventQueue$4.run()Ljava/lang/Void;+32 java.desktop@15.0.2
j  java.awt.EventQueue$4.run()Ljava/lang/Object;+1 java.desktop@15.0.2
J 732 c1 java.security.AccessController.executePrivileged(Ljava/security/PrivilegedAction;Ljava/security/AccessControlContext;Ljava/lang/Class;)Ljava/lang/Object; java.base@15.0.2 (65 bytes) @ 0x0000027b2be20c44 [0x0000027b2be20ae0+0x0000000000000164]
j  java.security.AccessController.doPrivileged(Ljava/security/PrivilegedAction;Ljava/security/AccessControlContext;)Ljava/lang/Object;+13 java.base@15.0.2
j  java.security.ProtectionDomain$JavaSecurityAccessImpl.doIntersectionPrivilege(Ljava/security/PrivilegedAction;Ljava/security/AccessControlContext;Ljava/security/AccessControlContext;)Ljava/lang/Object;+18 java.base@15.0.2
j  java.security.ProtectionDomain$JavaSecurityAccessImpl.doIntersectionPrivilege(Ljava/security/PrivilegedAction;Ljava/security/AccessControlContext;)Ljava/lang/Object;+6 java.base@15.0.2
j  java.awt.EventQueue$5.run()Ljava/lang/Void;+11 java.desktop@15.0.2
j  java.awt.EventQueue$5.run()Ljava/lang/Object;+1 java.desktop@15.0.2
J 732 c1 java.security.AccessController.executePrivileged(Ljava/security/PrivilegedAction;Ljava/security/AccessControlContext;Ljava/lang/Class;)Ljava/lang/Object; java.base@15.0.2 (65 bytes) @ 0x0000027b2be20c44 [0x0000027b2be20ae0+0x0000000000000164]
j  java.security.AccessController.doPrivileged(Ljava/security/PrivilegedAction;Ljava/security/AccessControlContext;)Ljava/lang/Object;+13 java.base@15.0.2
j  java.security.ProtectionDomain$JavaSecurityAccessImpl.doIntersectionPrivilege(Ljava/security/PrivilegedAction;Ljava/security/AccessControlContext;Ljava/security/AccessControlContext;)Ljava/lang/Object;+18 java.base@15.0.2
j  java.awt.EventQueue.dispatchEvent(Ljava/awt/AWTEvent;)V+73 java.desktop@15.0.2
j  java.awt.EventDispatchThread.pumpOneEventForFilters(I)V+78 java.desktop@15.0.2
j  java.awt.EventDispatchThread.pumpEventsForFilter(ILjava/awt/Conditional;Ljava/awt/EventFilter;)V+35 java.desktop@15.0.2
j  java.awt.EventDispatchThread.pumpEventsForHierarchy(ILjava/awt/Conditional;Ljava/awt/Component;)V+11 java.desktop@15.0.2
j  java.awt.EventDispatchThread.pumpEvents(ILjava/awt/Conditional;)V+4 java.desktop@15.0.2
j  java.awt.EventDispatchThread.pumpEvents(Ljava/awt/Conditional;)V+3 java.desktop@15.0.2
j  java.awt.EventDispatchThread.run()V+9 java.desktop@15.0.2
v  ~StubRoutines::call_stub

siginfo: EXCEPTION_ACCESS_VIOLATION (0xc0000005), reading address 0x0000027b440dda88


Register to memory mapping:

RIP=0x0000000067792026 sqlite-3.32.3.2-e25db862-0c89-4e31-b1b1-b0f98a45bd2f-sqlitejdbc.dll
RAX=0x0000000067834540 sqlite-3.32.3.2-e25db862-0c89-4e31-b1b1-b0f98a45bd2f-sqlitejdbc.dll
RBX=0x0 is NULL
RCX=0x0000027b440dda88 is an unknown value
RDX=0x0 is NULL
RSP=0x000000a19fcfd7d0 is pointing into the stack for thread: 0x0000027b424d3fb0
RBP=0x000000a19fcfd8f0 is pointing into the stack for thread: 0x0000027b424d3fb0
RSI=0x0000027b440dda88 is an unknown value
RDI=0x00000000000002c8 is an unknown value
R8 =0x0000027b440dda88 is an unknown value
R9 =0x0 is NULL
R10=0x0000027b2b78fcfd is at code_begin+1277 in an Interpreter codelet
method entry point (kind = native_synchronized)  [0x0000027b2b78f800, 0x0000027b2b7903a0]  2976 bytes
R11=0x0000000000000121 is an unknown value
R12=0x0 is NULL
R13={method} {0x0000027b41e784e8} 'column_int' '(JI)I' in 'org/sqlite/core/NativeDB'
R14=0x000000a19fcfd928 is pointing into the stack for thread: 0x0000027b424d3fb0
R15=0x0000027b424d3fb0 is a thread


Registers:
RAX=0x0000000067834540, RBX=0x0000000000000000, RCX=0x0000027b440dda88, RDX=0x0000000000000000
RSP=0x000000a19fcfd7d0, RBP=0x000000a19fcfd8f0, RSI=0x0000027b440dda88, RDI=0x00000000000002c8
R8 =0x0000027b440dda88, R9 =0x0000000000000000, R10=0x0000027b2b78fcfd, R11=0x0000000000000121
R12=0x0000000000000000, R13=0x0000027b41e784e0, R14=0x000000a19fcfd928, R15=0x0000027b424d3fb0
RIP=0x0000000067792026, EFLAGS=0x0000000000010206

Top of Stack: (sp=0x000000a19fcfd7d0)
0x000000a19fcfd7d0:   000000a19fcfd8f0 00007ffb8b00c687
0x000000a19fcfd7e0:   0000000000001574 0000027b2b7ae835
0x000000a19fcfd7f0:   0000027b424d3fb0 0000027b440dda88
0x000000a19fcfd800:   0000000000000377 0000000067792081
0x000000a19fcfd810:   00000000000002c8 0000027b2b78fb75
0x000000a19fcfd820:   0000027b00000000 0000027b41e784e0
0x000000a19fcfd830:   0000027b41e784e0 00007ffb8b00b2a3
0x000000a19fcfd840:   0000027b41e784e0 0000027b2b78fd2c
0x000000a19fcfd850:   0000027b4249d100 000000a19fcfd8a8
0x000000a19fcfd860:   00000000000002c8 0000027b2b78fa55
0x000000a19fcfd870:   0000027b41e784e0 000000a19fcfd8f0
0x000000a19fcfd880:   0000000000000377 0000000000000377
0x000000a19fcfd890:   0000027b2b78f9fc 0000000000000003
0x000000a19fcfd8a0:   0000000088cec500 000000a19fcfd898
0x000000a19fcfd8b0:   0000027b41e784e0 000000a19fcfd928
0x000000a19fcfd8c0:   0000027b41ede3c8 0000000000000000 

Instructions: (pc=0x0000000067792026)
0x0000000067791f26:   5b 5e 5f 5d e9 ee a9 ff ff 56 53 48 83 ec 28 48
0x0000000067791f36:   8b 31 48 89 cb 48 89 ca 48 89 f1 e8 24 ff ff ff
0x0000000067791f46:   48 8b 43 08 48 8b 53 10 48 85 c0 74 06 48 89 50
0x0000000067791f56:   10 eb 04 48 89 56 08 48 8b 53 10 48 85 d2 74 04
0x0000000067791f66:   48 89 42 08 48 89 da 48 89 f1 c7 43 24 c8 c3 06
0x0000000067791f76:   56 48 c7 03 00 00 00 00 48 83 c4 28 5b 5e e9 39
0x0000000067791f86:   a9 ff ff 56 53 48 83 ec 38 83 fa 63 48 89 ce 75
0x0000000067791f96:   4c 48 8b 19 48 8b 4b 18 e8 de 1c ff ff 48 8d 44
0x0000000067791fa6:   24 2c 48 89 f2 48 89 d9 c7 44 24 2c 00 00 00 00
0x0000000067791fb6:   48 89 83 d8 02 00 00 e8 a8 fe ff ff 48 89 d9 48
0x0000000067791fc6:   89 f2 e8 50 a9 ff ff 48 8b 4b 18 48 c7 83 d8 02
0x0000000067791fd6:   00 00 00 00 00 00 e8 bc 1c ff ff eb 20 48 63 d2
0x0000000067791fe6:   45 85 c0 48 8d 04 91 8b 90 d4 00 00 00 89 54 24
0x0000000067791ff6:   2c 74 0a c7 80 d4 00 00 00 00 00 00 00 8b 44 24
0x0000000067792006:   2c 48 83 c4 38 5b 5e c3 56 53 48 83 ec 28 48 8d
0x0000000067792016:   05 25 25 0a 00 48 85 c9 48 89 ce 48 63 da 74 47
0x0000000067792026:   48 8b 01 48 8b 48 18 e8 4f 1c ff ff 48 8b 86 a0
0x0000000067792036:   00 00 00 48 85 c0 74 1b 0f b7 96 c0 00 00 00 39
0x0000000067792046:   da 7e 10 89 da 83 ea 00 78 09 48 6b db 38 48 01
0x0000000067792056:   d8 eb 14 48 8b 0e ba 19 00 00 00 e8 20 b8 ff ff
0x0000000067792066:   48 8d 05 d3 24 0a 00 48 83 c4 28 5b 5e c3 53 48
0x0000000067792076:   83 ec 30 48 89 cb e8 8d ff ff ff 48 89 c1 e8 68
0x0000000067792086:   c0 ff ff 48 89 d9 48 89 44 24 28 e8 7a f7 ff ff
0x0000000067792096:   48 8b 44 24 28 48 83 c4 30 5b c3 53 48 83 ec 30
0x00000000677920a6:   48 89 cb e8 60 ff ff ff 48 89 c1 e8 3b c0 ff ff
0x00000000677920b6:   48 89 d9 48 89 44 24 28 e8 4d f7 ff ff 48 8b 44
0x00000000677920c6:   24 28 48 83 c4 30 5b c3 53 48 83 ec 30 48 89 cb
0x00000000677920d6:   e8 33 ff ff ff 8b 50 08 f6 c6 08 74 0a 80 e6 f7
0x00000000677920e6:   80 ce 10 66 89 50 08 48 89 d9 48 89 44 24 28 e8
0x00000000677920f6:   16 f7 ff ff 48 8b 44 24 28 48 83 c4 30 5b c3 56
0x0000000067792106:   53 48 83 ec 28 48 89 cb e8 fb fe ff ff 8b 40 08
0x0000000067792116:   48 8d 15 c3 3a 0a 00 48 89 d9 83 e0 3f 0f b6 34 


Stack slot to memory mapping:
stack at sp + 0 slots: 0x000000a19fcfd8f0 is pointing into the stack for thread: 0x0000027b424d3fb0
stack at sp + 1 slots: 0x00007ffb8b00c687 jvm.dll
stack at sp + 2 slots: 0x0000000000001574 is an unknown value
stack at sp + 3 slots: 0x0000027b2b7ae835 is at code_begin+5813 in 
[CodeBlob (0x0000027b2b7ad110)]
Framesize: 0
BufferBlob (0x0000027b2b7ad110) used for native signature handlers
stack at sp + 4 slots: 0x0000027b424d3fb0 is a thread
stack at sp + 5 slots: 0x0000027b440dda88 is an unknown value
stack at sp + 6 slots: 0x0000000000000377 is an unknown value
stack at sp + 7 slots: 0x0000000067792081 sqlite-3.32.3.2-e25db862-0c89-4e31-b1b1-b0f98a45bd2f-sqlitejdbc.dll


---------------  P R O C E S S  ---------------

Threads class SMR info:
_java_thread_list=0x0000027b42e88400, length=16, elements={
0x0000027b4179ff40, 0x0000027b417a0b10, 0x0000027b417b9180, 0x0000027b417bbc40,
0x0000027b417bc6f0, 0x0000027b417c04f0, 0x0000027b4180e9c0, 0x0000027b421622d0,
0x0000027b421d98f0, 0x0000027b42257470, 0x0000027b42257940, 0x0000027b42482ae0,
0x0000027b42485a70, 0x0000027b4248b020, 0x0000027b424d3fb0, 0x0000027b23552720
}

Java Threads: ( => current thread )
  0x0000027b4179ff40 JavaThread "Reference Handler" daemon [_thread_blocked, id=3800, stack(0x000000a19ed00000,0x000000a19ee00000)]
  0x0000027b417a0b10 JavaThread "Finalizer" daemon [_thread_blocked, id=15268, stack(0x000000a19ee00000,0x000000a19ef00000)]
  0x0000027b417b9180 JavaThread "Signal Dispatcher" daemon [_thread_blocked, id=2052, stack(0x000000a19ef00000,0x000000a19f000000)]
  0x0000027b417bbc40 JavaThread "Attach Listener" daemon [_thread_blocked, id=856, stack(0x000000a19f000000,0x000000a19f100000)]
  0x0000027b417bc6f0 JavaThread "Service Thread" daemon [_thread_blocked, id=5392, stack(0x000000a19f100000,0x000000a19f200000)]
  0x0000027b417c04f0 JavaThread "C2 CompilerThread0" daemon [_thread_blocked, id=3956, stack(0x000000a19f200000,0x000000a19f300000)]
  0x0000027b4180e9c0 JavaThread "C1 CompilerThread0" daemon [_thread_blocked, id=5928, stack(0x000000a19f300000,0x000000a19f400000)]
  0x0000027b421622d0 JavaThread "Sweeper thread" daemon [_thread_blocked, id=5208, stack(0x000000a19f400000,0x000000a19f500000)]
  0x0000027b421d98f0 JavaThread "Common-Cleaner" daemon [_thread_blocked, id=10932, stack(0x000000a19f500000,0x000000a19f600000)]
  0x0000027b42257470 JavaThread "Monitor Ctrl-Break" daemon [_thread_in_native, id=1188, stack(0x000000a19f600000,0x000000a19f700000)]
  0x0000027b42257940 JavaThread "Notification Thread" daemon [_thread_blocked, id=1340, stack(0x000000a19f700000,0x000000a19f800000)]
  0x0000027b42482ae0 JavaThread "Java2D Disposer" daemon [_thread_blocked, id=1892, stack(0x000000a19f900000,0x000000a19fa00000)]
  0x0000027b42485a70 JavaThread "AWT-Shutdown" [_thread_blocked, id=2380, stack(0x000000a19fa00000,0x000000a19fb00000)]
  0x0000027b4248b020 JavaThread "AWT-Windows" daemon [_thread_in_native, id=10700, stack(0x000000a19fb00000,0x000000a19fc00000)]
=>0x0000027b424d3fb0 JavaThread "AWT-EventQueue-0" [_thread_in_native, id=7356, stack(0x000000a19fc00000,0x000000a19fd00000)]
  0x0000027b23552720 JavaThread "DestroyJavaVM" [_thread_blocked, id=13936, stack(0x000000a19e600000,0x000000a19e700000)]

Other Threads:
  0x0000027b4179a290 VMThread "VM Thread" [stack: 0x000000a19ec00000,0x000000a19ed00000] [id=12476]
  0x0000027b422a0ec0 WatcherThread [stack: 0x000000a19f800000,0x000000a19f900000] [id=472]
  0x0000027b23591a70 GCTaskThread "GC Thread#0" [stack: 0x000000a19e700000,0x000000a19e800000] [id=6724]
  0x0000027b235a3ad0 ConcurrentGCThread "G1 Main Marker" [stack: 0x000000a19e800000,0x000000a19e900000] [id=14524]
  0x0000027b235a5e70 ConcurrentGCThread "G1 Conc#0" [stack: 0x000000a19e900000,0x000000a19ea00000] [id=6304]
  0x0000027b23610300 ConcurrentGCThread "G1 Refine#0" [stack: 0x000000a19ea00000,0x000000a19eb00000] [id=9000]
  0x0000027b41620090 ConcurrentGCThread "G1 Young RemSet Sampling" [stack: 0x000000a19eb00000,0x000000a19ec00000] [id=4588]

Threads with active compile tasks:

VM state: not at safepoint (normal execution)

VM Mutex/Monitor currently owned by a thread: None

Heap address: 0x0000000081400000, size: 2028 MB, Compressed Oops mode: 32-bit
CDS archive(s) mapped at: [0x0000000800000000-0x0000000800b50000-0x0000000800b50000), size 11862016, SharedBaseAddress: 0x0000000800000000, ArchiveRelocationMode: 0.
Compressed class space mapped at: 0x0000000800b50000-0x0000000840b50000, size: 1073741824
Narrow klass base: 0x0000000800000000, Narrow klass shift: 3, Narrow klass range: 0x100000000

GC Precious Log:
 CPUs: 4 total, 4 available
 Memory: 8104M
 Large Page Support: Disabled
 NUMA Support: Disabled
 Compressed Oops: Enabled (32-bit)
 Heap Region Size: 1M
 Heap Min Capacity: 8M
 Heap Initial Capacity: 128M
 Heap Max Capacity: 2028M
 Pre-touch: Disabled
 Parallel Workers: 4
 Concurrent Workers: 1
 Concurrent Refinement Workers: 4
 Periodic GC: Disabled

Heap:
 garbage-first heap   total 131072K, used 14336K [0x0000000081400000, 0x0000000100000000)
  region size 1024K, 12 young (12288K), 0 survivors (0K)
 Metaspace       used 9374K, capacity 9604K, committed 9856K, reserved 1058816K
  class space    used 1003K, capacity 1107K, committed 1152K, reserved 1048576K

Heap Regions: E=young(eden), S=young(survivor), O=old, HS=humongous(starts), HC=humongous(continues), CS=collection set, F=free, OA=open archive, CA=closed archive, TAMS=top-at-mark-start (previous, next)
|   0|0x0000000081400000, 0x0000000081500000, 0x0000000081500000|100%|HS|  |TAMS 0x0000000081400000, 0x0000000081400000| Complete 
|   1|0x0000000081500000, 0x0000000081600000, 0x0000000081600000|100%|HC|  |TAMS 0x0000000081500000, 0x0000000081500000| Complete 
|   2|0x0000000081600000, 0x0000000081700000, 0x0000000081700000|100%|HC|  |TAMS 0x0000000081600000, 0x0000000081600000| Complete 
|   3|0x0000000081700000, 0x0000000081700000, 0x0000000081800000|  0%| F|  |TAMS 0x0000000081700000, 0x0000000081700000| Untracked 
|   4|0x0000000081800000, 0x0000000081800000, 0x0000000081900000|  0%| F|  |TAMS 0x0000000081800000, 0x0000000081800000| Untracked 
|   5|0x0000000081900000, 0x0000000081900000, 0x0000000081a00000|  0%| F|  |TAMS 0x0000000081900000, 0x0000000081900000| Untracked 
|   6|0x0000000081a00000, 0x0000000081a00000, 0x0000000081b00000|  0%| F|  |TAMS 0x0000000081a00000, 0x0000000081a00000| Untracked 
|   7|0x0000000081b00000, 0x0000000081b00000, 0x0000000081c00000|  0%| F|  |TAMS 0x0000000081b00000, 0x0000000081b00000| Untracked 
|   8|0x0000000081c00000, 0x0000000081c00000, 0x0000000081d00000|  0%| F|  |TAMS 0x0000000081c00000, 0x0000000081c00000| Untracked 
|   9|0x0000000081d00000, 0x0000000081d00000, 0x0000000081e00000|  0%| F|  |TAMS 0x0000000081d00000, 0x0000000081d00000| Untracked 
|  10|0x0000000081e00000, 0x0000000081e00000, 0x0000000081f00000|  0%| F|  |TAMS 0x0000000081e00000, 0x0000000081e00000| Untracked 
|  11|0x0000000081f00000, 0x0000000081f00000, 0x0000000082000000|  0%| F|  |TAMS 0x0000000081f00000, 0x0000000081f00000| Untracked 
|  12|0x0000000082000000, 0x0000000082000000, 0x0000000082100000|  0%| F|  |TAMS 0x0000000082000000, 0x0000000082000000| Untracked 
|  13|0x0000000082100000, 0x0000000082100000, 0x0000000082200000|  0%| F|  |TAMS 0x0000000082100000, 0x0000000082100000| Untracked 
|  14|0x0000000082200000, 0x0000000082200000, 0x0000000082300000|  0%| F|  |TAMS 0x0000000082200000, 0x0000000082200000| Untracked 
|  15|0x0000000082300000, 0x0000000082300000, 0x0000000082400000|  0%| F|  |TAMS 0x0000000082300000, 0x0000000082300000| Untracked 
|  16|0x0000000082400000, 0x0000000082400000, 0x0000000082500000|  0%| F|  |TAMS 0x0000000082400000, 0x0000000082400000| Untracked 
|  17|0x0000000082500000, 0x0000000082500000, 0x0000000082600000|  0%| F|  |TAMS 0x0000000082500000, 0x0000000082500000| Untracked 
|  18|0x0000000082600000, 0x0000000082600000, 0x0000000082700000|  0%| F|  |TAMS 0x0000000082600000, 0x0000000082600000| Untracked 
|  19|0x0000000082700000, 0x0000000082700000, 0x0000000082800000|  0%| F|  |TAMS 0x0000000082700000, 0x0000000082700000| Untracked 
|  20|0x0000000082800000, 0x0000000082800000, 0x0000000082900000|  0%| F|  |TAMS 0x0000000082800000, 0x0000000082800000| Untracked 
|  21|0x0000000082900000, 0x0000000082900000, 0x0000000082a00000|  0%| F|  |TAMS 0x0000000082900000, 0x0000000082900000| Untracked 
|  22|0x0000000082a00000, 0x0000000082a00000, 0x0000000082b00000|  0%| F|  |TAMS 0x0000000082a00000, 0x0000000082a00000| Untracked 
|  23|0x0000000082b00000, 0x0000000082b00000, 0x0000000082c00000|  0%| F|  |TAMS 0x0000000082b00000, 0x0000000082b00000| Untracked 
|  24|0x0000000082c00000, 0x0000000082c00000, 0x0000000082d00000|  0%| F|  |TAMS 0x0000000082c00000, 0x0000000082c00000| Untracked 
|  25|0x0000000082d00000, 0x0000000082d00000, 0x0000000082e00000|  0%| F|  |TAMS 0x0000000082d00000, 0x0000000082d00000| Untracked 
|  26|0x0000000082e00000, 0x0000000082e00000, 0x0000000082f00000|  0%| F|  |TAMS 0x0000000082e00000, 0x0000000082e00000| Untracked 
|  27|0x0000000082f00000, 0x0000000082f00000, 0x0000000083000000|  0%| F|  |TAMS 0x0000000082f00000, 0x0000000082f00000| Untracked 
|  28|0x0000000083000000, 0x0000000083000000, 0x0000000083100000|  0%| F|  |TAMS 0x0000000083000000, 0x0000000083000000| Untracked 
|  29|0x0000000083100000, 0x0000000083100000, 0x0000000083200000|  0%| F|  |TAMS 0x0000000083100000, 0x0000000083100000| Untracked 
|  30|0x0000000083200000, 0x0000000083200000, 0x0000000083300000|  0%| F|  |TAMS 0x0000000083200000, 0x0000000083200000| Untracked 
|  31|0x0000000083300000, 0x0000000083300000, 0x0000000083400000|  0%| F|  |TAMS 0x0000000083300000, 0x0000000083300000| Untracked 
|  32|0x0000000083400000, 0x0000000083400000, 0x0000000083500000|  0%| F|  |TAMS 0x0000000083400000, 0x0000000083400000| Untracked 
|  33|0x0000000083500000, 0x0000000083500000, 0x0000000083600000|  0%| F|  |TAMS 0x0000000083500000, 0x0000000083500000| Untracked 
|  34|0x0000000083600000, 0x0000000083600000, 0x0000000083700000|  0%| F|  |TAMS 0x0000000083600000, 0x0000000083600000| Untracked 
|  35|0x0000000083700000, 0x0000000083700000, 0x0000000083800000|  0%| F|  |TAMS 0x0000000083700000, 0x0000000083700000| Untracked 
|  36|0x0000000083800000, 0x0000000083800000, 0x0000000083900000|  0%| F|  |TAMS 0x0000000083800000, 0x0000000083800000| Untracked 
|  37|0x0000000083900000, 0x0000000083900000, 0x0000000083a00000|  0%| F|  |TAMS 0x0000000083900000, 0x0000000083900000| Untracked 
|  38|0x0000000083a00000, 0x0000000083a00000, 0x0000000083b00000|  0%| F|  |TAMS 0x0000000083a00000, 0x0000000083a00000| Untracked 
|  39|0x0000000083b00000, 0x0000000083b00000, 0x0000000083c00000|  0%| F|  |TAMS 0x0000000083b00000, 0x0000000083b00000| Untracked 
|  40|0x0000000083c00000, 0x0000000083c00000, 0x0000000083d00000|  0%| F|  |TAMS 0x0000000083c00000, 0x0000000083c00000| Untracked 
|  41|0x0000000083d00000, 0x0000000083d00000, 0x0000000083e00000|  0%| F|  |TAMS 0x0000000083d00000, 0x0000000083d00000| Untracked 
|  42|0x0000000083e00000, 0x0000000083e00000, 0x0000000083f00000|  0%| F|  |TAMS 0x0000000083e00000, 0x0000000083e00000| Untracked 
|  43|0x0000000083f00000, 0x0000000083f00000, 0x0000000084000000|  0%| F|  |TAMS 0x0000000083f00000, 0x0000000083f00000| Untracked 
|  44|0x0000000084000000, 0x0000000084000000, 0x0000000084100000|  0%| F|  |TAMS 0x0000000084000000, 0x0000000084000000| Untracked 
|  45|0x0000000084100000, 0x0000000084100000, 0x0000000084200000|  0%| F|  |TAMS 0x0000000084100000, 0x0000000084100000| Untracked 
|  46|0x0000000084200000, 0x0000000084200000, 0x0000000084300000|  0%| F|  |TAMS 0x0000000084200000, 0x0000000084200000| Untracked 
|  47|0x0000000084300000, 0x0000000084300000, 0x0000000084400000|  0%| F|  |TAMS 0x0000000084300000, 0x0000000084300000| Untracked 
|  48|0x0000000084400000, 0x0000000084400000, 0x0000000084500000|  0%| F|  |TAMS 0x0000000084400000, 0x0000000084400000| Untracked 
|  49|0x0000000084500000, 0x0000000084500000, 0x0000000084600000|  0%| F|  |TAMS 0x0000000084500000, 0x0000000084500000| Untracked 
|  50|0x0000000084600000, 0x0000000084600000, 0x0000000084700000|  0%| F|  |TAMS 0x0000000084600000, 0x0000000084600000| Untracked 
|  51|0x0000000084700000, 0x0000000084700000, 0x0000000084800000|  0%| F|  |TAMS 0x0000000084700000, 0x0000000084700000| Untracked 
|  52|0x0000000084800000, 0x0000000084800000, 0x0000000084900000|  0%| F|  |TAMS 0x0000000084800000, 0x0000000084800000| Untracked 
|  53|0x0000000084900000, 0x0000000084900000, 0x0000000084a00000|  0%| F|  |TAMS 0x0000000084900000, 0x0000000084900000| Untracked 
|  54|0x0000000084a00000, 0x0000000084a00000, 0x0000000084b00000|  0%| F|  |TAMS 0x0000000084a00000, 0x0000000084a00000| Untracked 
|  55|0x0000000084b00000, 0x0000000084b00000, 0x0000000084c00000|  0%| F|  |TAMS 0x0000000084b00000, 0x0000000084b00000| Untracked 
|  56|0x0000000084c00000, 0x0000000084c00000, 0x0000000084d00000|  0%| F|  |TAMS 0x0000000084c00000, 0x0000000084c00000| Untracked 
|  57|0x0000000084d00000, 0x0000000084d00000, 0x0000000084e00000|  0%| F|  |TAMS 0x0000000084d00000, 0x0000000084d00000| Untracked 
|  58|0x0000000084e00000, 0x0000000084e00000, 0x0000000084f00000|  0%| F|  |TAMS 0x0000000084e00000, 0x0000000084e00000| Untracked 
|  59|0x0000000084f00000, 0x0000000084f00000, 0x0000000085000000|  0%| F|  |TAMS 0x0000000084f00000, 0x0000000084f00000| Untracked 
|  60|0x0000000085000000, 0x0000000085000000, 0x0000000085100000|  0%| F|  |TAMS 0x0000000085000000, 0x0000000085000000| Untracked 
|  61|0x0000000085100000, 0x0000000085100000, 0x0000000085200000|  0%| F|  |TAMS 0x0000000085100000, 0x0000000085100000| Untracked 
|  62|0x0000000085200000, 0x0000000085200000, 0x0000000085300000|  0%| F|  |TAMS 0x0000000085200000, 0x0000000085200000| Untracked 
|  63|0x0000000085300000, 0x0000000085300000, 0x0000000085400000|  0%| F|  |TAMS 0x0000000085300000, 0x0000000085300000| Untracked 
|  64|0x0000000085400000, 0x0000000085400000, 0x0000000085500000|  0%| F|  |TAMS 0x0000000085400000, 0x0000000085400000| Untracked 
|  65|0x0000000085500000, 0x0000000085500000, 0x0000000085600000|  0%| F|  |TAMS 0x0000000085500000, 0x0000000085500000| Untracked 
|  66|0x0000000085600000, 0x0000000085600000, 0x0000000085700000|  0%| F|  |TAMS 0x0000000085600000, 0x0000000085600000| Untracked 
|  67|0x0000000085700000, 0x0000000085700000, 0x0000000085800000|  0%| F|  |TAMS 0x0000000085700000, 0x0000000085700000| Untracked 
|  68|0x0000000085800000, 0x0000000085800000, 0x0000000085900000|  0%| F|  |TAMS 0x0000000085800000, 0x0000000085800000| Untracked 
|  69|0x0000000085900000, 0x0000000085900000, 0x0000000085a00000|  0%| F|  |TAMS 0x0000000085900000, 0x0000000085900000| Untracked 
|  70|0x0000000085a00000, 0x0000000085a00000, 0x0000000085b00000|  0%| F|  |TAMS 0x0000000085a00000, 0x0000000085a00000| Untracked 
|  71|0x0000000085b00000, 0x0000000085b00000, 0x0000000085c00000|  0%| F|  |TAMS 0x0000000085b00000, 0x0000000085b00000| Untracked 
|  72|0x0000000085c00000, 0x0000000085c00000, 0x0000000085d00000|  0%| F|  |TAMS 0x0000000085c00000, 0x0000000085c00000| Untracked 
|  73|0x0000000085d00000, 0x0000000085d00000, 0x0000000085e00000|  0%| F|  |TAMS 0x0000000085d00000, 0x0000000085d00000| Untracked 
|  74|0x0000000085e00000, 0x0000000085e00000, 0x0000000085f00000|  0%| F|  |TAMS 0x0000000085e00000, 0x0000000085e00000| Untracked 
|  75|0x0000000085f00000, 0x0000000085f00000, 0x0000000086000000|  0%| F|  |TAMS 0x0000000085f00000, 0x0000000085f00000| Untracked 
|  76|0x0000000086000000, 0x0000000086000000, 0x0000000086100000|  0%| F|  |TAMS 0x0000000086000000, 0x0000000086000000| Untracked 
|  77|0x0000000086100000, 0x0000000086100000, 0x0000000086200000|  0%| F|  |TAMS 0x0000000086100000, 0x0000000086100000| Untracked 
|  78|0x0000000086200000, 0x0000000086200000, 0x0000000086300000|  0%| F|  |TAMS 0x0000000086200000, 0x0000000086200000| Untracked 
|  79|0x0000000086300000, 0x0000000086300000, 0x0000000086400000|  0%| F|  |TAMS 0x0000000086300000, 0x0000000086300000| Untracked 
|  80|0x0000000086400000, 0x0000000086400000, 0x0000000086500000|  0%| F|  |TAMS 0x0000000086400000, 0x0000000086400000| Untracked 
|  81|0x0000000086500000, 0x0000000086500000, 0x0000000086600000|  0%| F|  |TAMS 0x0000000086500000, 0x0000000086500000| Untracked 
|  82|0x0000000086600000, 0x0000000086600000, 0x0000000086700000|  0%| F|  |TAMS 0x0000000086600000, 0x0000000086600000| Untracked 
|  83|0x0000000086700000, 0x0000000086700000, 0x0000000086800000|  0%| F|  |TAMS 0x0000000086700000, 0x0000000086700000| Untracked 
|  84|0x0000000086800000, 0x0000000086800000, 0x0000000086900000|  0%| F|  |TAMS 0x0000000086800000, 0x0000000086800000| Untracked 
|  85|0x0000000086900000, 0x0000000086900000, 0x0000000086a00000|  0%| F|  |TAMS 0x0000000086900000, 0x0000000086900000| Untracked 
|  86|0x0000000086a00000, 0x0000000086a00000, 0x0000000086b00000|  0%| F|  |TAMS 0x0000000086a00000, 0x0000000086a00000| Untracked 
|  87|0x0000000086b00000, 0x0000000086b00000, 0x0000000086c00000|  0%| F|  |TAMS 0x0000000086b00000, 0x0000000086b00000| Untracked 
|  88|0x0000000086c00000, 0x0000000086c00000, 0x0000000086d00000|  0%| F|  |TAMS 0x0000000086c00000, 0x0000000086c00000| Untracked 
|  89|0x0000000086d00000, 0x0000000086d00000, 0x0000000086e00000|  0%| F|  |TAMS 0x0000000086d00000, 0x0000000086d00000| Untracked 
|  90|0x0000000086e00000, 0x0000000086e00000, 0x0000000086f00000|  0%| F|  |TAMS 0x0000000086e00000, 0x0000000086e00000| Untracked 
|  91|0x0000000086f00000, 0x0000000086f00000, 0x0000000087000000|  0%| F|  |TAMS 0x0000000086f00000, 0x0000000086f00000| Untracked 
|  92|0x0000000087000000, 0x0000000087000000, 0x0000000087100000|  0%| F|  |TAMS 0x0000000087000000, 0x0000000087000000| Untracked 
|  93|0x0000000087100000, 0x0000000087100000, 0x0000000087200000|  0%| F|  |TAMS 0x0000000087100000, 0x0000000087100000| Untracked 
|  94|0x0000000087200000, 0x0000000087200000, 0x0000000087300000|  0%| F|  |TAMS 0x0000000087200000, 0x0000000087200000| Untracked 
|  95|0x0000000087300000, 0x0000000087300000, 0x0000000087400000|  0%| F|  |TAMS 0x0000000087300000, 0x0000000087300000| Untracked 
|  96|0x0000000087400000, 0x0000000087400000, 0x0000000087500000|  0%| F|  |TAMS 0x0000000087400000, 0x0000000087400000| Untracked 
|  97|0x0000000087500000, 0x0000000087500000, 0x0000000087600000|  0%| F|  |TAMS 0x0000000087500000, 0x0000000087500000| Untracked 
|  98|0x0000000087600000, 0x0000000087600000, 0x0000000087700000|  0%| F|  |TAMS 0x0000000087600000, 0x0000000087600000| Untracked 
|  99|0x0000000087700000, 0x0000000087700000, 0x0000000087800000|  0%| F|  |TAMS 0x0000000087700000, 0x0000000087700000| Untracked 
| 100|0x0000000087800000, 0x0000000087800000, 0x0000000087900000|  0%| F|  |TAMS 0x0000000087800000, 0x0000000087800000| Untracked 
| 101|0x0000000087900000, 0x0000000087900000, 0x0000000087a00000|  0%| F|  |TAMS 0x0000000087900000, 0x0000000087900000| Untracked 
| 102|0x0000000087a00000, 0x0000000087a00000, 0x0000000087b00000|  0%| F|  |TAMS 0x0000000087a00000, 0x0000000087a00000| Untracked 
| 103|0x0000000087b00000, 0x0000000087b00000, 0x0000000087c00000|  0%| F|  |TAMS 0x0000000087b00000, 0x0000000087b00000| Untracked 
| 104|0x0000000087c00000, 0x0000000087c00000, 0x0000000087d00000|  0%| F|  |TAMS 0x0000000087c00000, 0x0000000087c00000| Untracked 
| 105|0x0000000087d00000, 0x0000000087d00000, 0x0000000087e00000|  0%| F|  |TAMS 0x0000000087d00000, 0x0000000087d00000| Untracked 
| 106|0x0000000087e00000, 0x0000000087e00000, 0x0000000087f00000|  0%| F|  |TAMS 0x0000000087e00000, 0x0000000087e00000| Untracked 
| 107|0x0000000087f00000, 0x0000000087f00000, 0x0000000088000000|  0%| F|  |TAMS 0x0000000087f00000, 0x0000000087f00000| Untracked 
| 108|0x0000000088000000, 0x0000000088000000, 0x0000000088100000|  0%| F|  |TAMS 0x0000000088000000, 0x0000000088000000| Untracked 
| 109|0x0000000088100000, 0x0000000088100000, 0x0000000088200000|  0%| F|  |TAMS 0x0000000088100000, 0x0000000088100000| Untracked 
| 110|0x0000000088200000, 0x0000000088200000, 0x0000000088300000|  0%| F|  |TAMS 0x0000000088200000, 0x0000000088200000| Untracked 
| 111|0x0000000088300000, 0x0000000088300000, 0x0000000088400000|  0%| F|  |TAMS 0x0000000088300000, 0x0000000088300000| Untracked 
| 112|0x0000000088400000, 0x0000000088400000, 0x0000000088500000|  0%| F|  |TAMS 0x0000000088400000, 0x0000000088400000| Untracked 
| 113|0x0000000088500000, 0x0000000088500000, 0x0000000088600000|  0%| F|  |TAMS 0x0000000088500000, 0x0000000088500000| Untracked 
| 114|0x0000000088600000, 0x0000000088600000, 0x0000000088700000|  0%| F|  |TAMS 0x0000000088600000, 0x0000000088600000| Untracked 
| 115|0x0000000088700000, 0x0000000088700000, 0x0000000088800000|  0%| F|  |TAMS 0x0000000088700000, 0x0000000088700000| Untracked 
| 116|0x0000000088800000, 0x0000000088800800, 0x0000000088900000|  0%| E|  |TAMS 0x0000000088800000, 0x0000000088800000| Complete 
| 117|0x0000000088900000, 0x0000000088a00000, 0x0000000088a00000|100%| E|CS|TAMS 0x0000000088900000, 0x0000000088900000| Complete 
| 118|0x0000000088a00000, 0x0000000088b00000, 0x0000000088b00000|100%| E|CS|TAMS 0x0000000088a00000, 0x0000000088a00000| Complete 
| 119|0x0000000088b00000, 0x0000000088c00000, 0x0000000088c00000|100%| E|CS|TAMS 0x0000000088b00000, 0x0000000088b00000| Complete 
| 120|0x0000000088c00000, 0x0000000088d00000, 0x0000000088d00000|100%| E|CS|TAMS 0x0000000088c00000, 0x0000000088c00000| Complete 
| 121|0x0000000088d00000, 0x0000000088e00000, 0x0000000088e00000|100%| E|CS|TAMS 0x0000000088d00000, 0x0000000088d00000| Complete 
| 122|0x0000000088e00000, 0x0000000088f00000, 0x0000000088f00000|100%| E|CS|TAMS 0x0000000088e00000, 0x0000000088e00000| Complete 
| 123|0x0000000088f00000, 0x0000000089000000, 0x0000000089000000|100%| E|CS|TAMS 0x0000000088f00000, 0x0000000088f00000| Complete 
| 124|0x0000000089000000, 0x0000000089100000, 0x0000000089100000|100%| E|CS|TAMS 0x0000000089000000, 0x0000000089000000| Complete 
| 125|0x0000000089100000, 0x0000000089200000, 0x0000000089200000|100%| E|CS|TAMS 0x0000000089100000, 0x0000000089100000| Complete 
| 126|0x0000000089200000, 0x0000000089300000, 0x0000000089300000|100%| E|CS|TAMS 0x0000000089200000, 0x0000000089200000| Complete 
| 127|0x0000000089300000, 0x0000000089400000, 0x0000000089400000|100%| E|CS|TAMS 0x0000000089300000, 0x0000000089300000| Complete 

Card table byte_map: [0x0000027b3ab80000,0x0000027b3af80000] _byte_map_base: 0x0000027b3a776000

Marking Bits (Prev, Next): (CMBitMap*) 0x0000027b235932f0, (CMBitMap*) 0x0000027b23593330
 Prev Bits: [0x0000027b3b380000, 0x0000027b3d330000)
 Next Bits: [0x0000027b3d330000, 0x0000027b3f2e0000)

Polling page: 0x0000027b21370000

Metaspace:

Usage:
  Non-class:      8.30 MB capacity,     8.17 MB ( 99%) used,   112.79 KB (  1%) free+waste,    13.38 KB ( <1%) overhead. 
      Class:      1.08 MB capacity,  1003.22 KB ( 91%) used,    97.91 KB (  9%) free+waste,     5.88 KB ( <1%) overhead. 
       Both:      9.38 MB capacity,     9.15 MB ( 98%) used,   210.70 KB (  2%) free+waste,    19.25 KB ( <1%) overhead. 

Virtual space:
  Non-class space:       10.00 MB reserved,       8.50 MB ( 85%) committed 
      Class space:        1.00 GB reserved,       1.13 MB ( <1%) committed 
             Both:        1.01 GB reserved,       9.63 MB ( <1%) committed 

Chunk freelists:
   Non-Class:  15.00 KB
       Class:  13.00 KB
        Both:  28.00 KB

MaxMetaspaceSize: 17179869184.00 GB
CompressedClassSpaceSize: 1.00 GB

CodeHeap 'non-profiled nmethods': size=120000Kb used=349Kb max_used=349Kb free=119651Kb
 bounds [0x0000027b33250000, 0x0000027b334c0000, 0x0000027b3a780000]
CodeHeap 'profiled nmethods': size=120000Kb used=1751Kb max_used=1751Kb free=118248Kb
 bounds [0x0000027b2bd20000, 0x0000027b2bf90000, 0x0000027b33250000]
CodeHeap 'non-nmethods': size=5760Kb used=1293Kb max_used=1311Kb free=4466Kb
 bounds [0x0000027b2b780000, 0x0000027b2b9f0000, 0x0000027b2bd20000]
 total_blobs=1730 nmethods=1142 adapters=501
 compilation: enabled
              stopped_count=0, restarted_count=0
 full_count=0

Compilation events (20 events):
Event: 1.781 Thread 0x0000027b4180e9c0 1135       3       jdk.internal.jimage.ImageStringsReader::charsFromByteBuffer (186 bytes)
Event: 1.783 Thread 0x0000027b4180e9c0 nmethod 1135 0x0000027b2becad10 code [0x0000027b2becb040, 0x0000027b2becc208]
Event: 1.783 Thread 0x0000027b4180e9c0 1133       3       java.lang.StringUTF16::indexOfChar (14 bytes)
Event: 1.783 Thread 0x0000027b4180e9c0 nmethod 1133 0x0000027b2becc810 code [0x0000027b2becc9e0, 0x0000027b2beccd28]
Event: 1.783 Thread 0x0000027b4180e9c0 1136       3       java.util.concurrent.locks.AbstractQueuedSynchronizer::signalNext (34 bytes)
Event: 1.784 Thread 0x0000027b4180e9c0 nmethod 1136 0x0000027b2beccf10 code [0x0000027b2becd0e0, 0x0000027b2becd398]
Event: 1.784 Thread 0x0000027b4180e9c0 1131       1       java.lang.NamedPackage::module (5 bytes)
Event: 1.784 Thread 0x0000027b4180e9c0 nmethod 1131 0x0000027b332a2e90 code [0x0000027b332a3020, 0x0000027b332a30d8]
Event: 1.784 Thread 0x0000027b4180e9c0 1139   !   3       java.net.URL::<init> (543 bytes)
Event: 1.793 Thread 0x0000027b4180e9c0 nmethod 1139 0x0000027b2becd510 code [0x0000027b2becdba0, 0x0000027b2bed15a8]
Event: 1.793 Thread 0x0000027b4180e9c0 1138       3       java.net.URL::<init> (8 bytes)
Event: 1.793 Thread 0x0000027b4180e9c0 nmethod 1138 0x0000027b2bed3690 code [0x0000027b2bed3840, 0x0000027b2bed3968]
Event: 1.793 Thread 0x0000027b4180e9c0 1140       3       java.net.URLStreamHandler::setURL (73 bytes)
Event: 1.795 Thread 0x0000027b4180e9c0 nmethod 1140 0x0000027b2bed3a10 code [0x0000027b2bed3ce0, 0x0000027b2bed4b58]
Event: 1.802 Thread 0x0000027b4180e9c0 1141       3       jdk.internal.loader.ClassLoaders$BootClassLoader::loadClassOrNull (11 bytes)
Event: 1.802 Thread 0x0000027b4180e9c0 nmethod 1141 0x0000027b2bed5090 code [0x0000027b2bed5260, 0x0000027b2bed5598]
Event: 1.803 Thread 0x0000027b4180e9c0 1142       3       java.lang.System$2::findBootstrapClassOrNull (6 bytes)
Event: 1.803 Thread 0x0000027b4180e9c0 nmethod 1142 0x0000027b2bed5710 code [0x0000027b2bed58c0, 0x0000027b2bed5b78]
Event: 1.807 Thread 0x0000027b4180e9c0 1143       3       java.util.Locale::getDefault (4 bytes)
Event: 1.807 Thread 0x0000027b4180e9c0 nmethod 1143 0x0000027b2bed5c90 code [0x0000027b2bed5e20, 0x0000027b2bed5f18]

GC Heap History (0 events):
No events

Deoptimization events (20 events):
Event: 1.610 Thread 0x0000027b23552720 DEOPT PACKING pc=0x0000027b2beb79ae sp=0x000000a19e6fecd0
Event: 1.610 Thread 0x0000027b23552720 DEOPT UNPACKING pc=0x0000027b2b7ce23f sp=0x000000a19e6fe1d8 mode 0
Event: 1.611 Thread 0x0000027b23552720 DEOPT PACKING pc=0x0000027b2beb79ae sp=0x000000a19e6fecd0
Event: 1.611 Thread 0x0000027b23552720 DEOPT UNPACKING pc=0x0000027b2b7ce23f sp=0x000000a19e6fe1d8 mode 0
Event: 1.612 Thread 0x0000027b23552720 DEOPT PACKING pc=0x0000027b2beb79ae sp=0x000000a19e6fecd0
Event: 1.612 Thread 0x0000027b23552720 DEOPT UNPACKING pc=0x0000027b2b7ce23f sp=0x000000a19e6fe1d8 mode 0
Event: 1.613 Thread 0x0000027b23552720 DEOPT PACKING pc=0x0000027b2beb79ae sp=0x000000a19e6fecd0
Event: 1.613 Thread 0x0000027b23552720 DEOPT UNPACKING pc=0x0000027b2b7ce23f sp=0x000000a19e6fe1d8 mode 0
Event: 1.614 Thread 0x0000027b23552720 DEOPT PACKING pc=0x0000027b2beb79ae sp=0x000000a19e6fecd0
Event: 1.614 Thread 0x0000027b23552720 DEOPT UNPACKING pc=0x0000027b2b7ce23f sp=0x000000a19e6fe1d8 mode 0
Event: 1.615 Thread 0x0000027b23552720 DEOPT PACKING pc=0x0000027b2beb79ae sp=0x000000a19e6fecd0
Event: 1.615 Thread 0x0000027b23552720 DEOPT UNPACKING pc=0x0000027b2b7ce23f sp=0x000000a19e6fe1d8 mode 0
Event: 1.684 Thread 0x0000027b23552720 Uncommon trap: trap_request=0xffffff45 fr.pc=0x0000027b3329ef3c relative=0x00000000000005fc
Event: 1.684 Thread 0x0000027b23552720 Uncommon trap: reason=unstable_if action=reinterpret pc=0x0000027b3329ef3c method=org.sqlite.SQLiteJDBCLoader.contentsEquals(Ljava/io/InputStream;Ljava/io/InputStream;)Z @ 39 c2
Event: 1.684 Thread 0x0000027b23552720 DEOPT PACKING pc=0x0000027b3329ef3c sp=0x000000a19e6fed10
Event: 1.684 Thread 0x0000027b23552720 DEOPT UNPACKING pc=0x0000027b2b7ce42f sp=0x000000a19e6fecd8 mode 2
Event: 1.752 Thread 0x0000027b417bbc40 Uncommon trap: trap_request=0xffffff45 fr.pc=0x0000027b3329c2f0 relative=0x0000000000000170
Event: 1.752 Thread 0x0000027b417bbc40 Uncommon trap: reason=unstable_if action=reinterpret pc=0x0000027b3329c2f0 method=java.lang.StringCoding.hasNegatives([BII)Z @ 12 c2
Event: 1.752 Thread 0x0000027b417bbc40 DEOPT PACKING pc=0x0000027b3329c2f0 sp=0x000000a19f0fe1c0
Event: 1.752 Thread 0x0000027b417bbc40 DEOPT UNPACKING pc=0x0000027b2b7ce42f sp=0x000000a19f0fe168 mode 2

Classes unloaded (0 events):
No events

Classes redefined (0 events):
No events

Internal exceptions (16 events):
Event: 0.262 Thread 0x0000027b42257470 Exception <a 'java/lang/NoSuchMethodError'{0x00000000892d0b90}: 'java.lang.Object java.lang.invoke.DirectMethodHandle$Holder.invokeStatic(java.lang.Object)'> (0x00000000892d0b90) 
thrown [./open/src/hotspot/share/interpreter/linkResolver.cpp, line 782]
Event: 0.263 Thread 0x0000027b42257470 Exception <a 'java/lang/NoSuchMethodError'{0x00000000892d44a0}: 'java.lang.Object java.lang.invoke.DirectMethodHandle$Holder.invokeStaticInit(java.lang.Object)'> (0x00000000892d44a0) 
thrown [./open/src/hotspot/share/interpreter/linkResolver.cpp, line 782]
Event: 0.277 Thread 0x0000027b23552720 Exception <a 'java/lang/NoSuchMethodError'{0x00000000892bbe60}: 'void java.lang.invoke.DirectMethodHandle$Holder.invokeSpecial(java.lang.Object, java.lang.Object, java.lang.Object)'> (0x00000000892bbe60) 
thrown [./open/src/hotspot/share/interpreter/linkResolver.cpp, line 782]
Event: 0.278 Thread 0x0000027b42257470 Exception <a 'java/lang/NoSuchMethodError'{0x00000000892e1848}: 'void java.lang.invoke.DirectMethodHandle$Holder.invokeStatic(java.lang.Object, java.lang.Object)'> (0x00000000892e1848) 
thrown [./open/src/hotspot/share/interpreter/linkResolver.cpp, line 782]
Event: 0.305 Thread 0x0000027b23552720 Exception <a 'java/lang/ClassNotFoundException'{0x000000008910ad70}: sun/awt/resources/spi/awtProvider> (0x000000008910ad70) 
thrown [./open/src/hotspot/share/classfile/systemDictionary.cpp, line 295]
Event: 0.358 Thread 0x0000027b23552720 Exception <a 'java/io/FileNotFoundException'{0x0000000089162440}> (0x0000000089162440) 
thrown [./open/src/hotspot/share/prims/jni.cpp, line 578]
Event: 0.376 Thread 0x0000027b23552720 Exception <a 'java/io/FileNotFoundException'{0x0000000089191298}> (0x0000000089191298) 
thrown [./open/src/hotspot/share/prims/jni.cpp, line 578]
Event: 0.537 Thread 0x0000027b23552720 Exception <a 'java/lang/NoSuchMethodError'{0x0000000089091190}: 'java.lang.Object java.lang.invoke.DirectMethodHandle$Holder.newInvokeSpecial(java.lang.Object, java.lang.Object, java.lang.Object, java.lang.Object, java.lang.Object)'> (0x0000000089091190) 
thrown [./open/src/hotspot/share/interpreter/linkResolver.cpp, line 782]
Event: 0.543 Thread 0x0000027b23552720 Exception <a 'java/lang/NoSuchMethodError'{0x000000008909cc20}: 'java.lang.Object java.lang.invoke.DirectMethodHandle$Holder.invokeStatic(java.lang.Object, int, java.lang.Object, java.lang.Object, java.lang.Object, java.lang.Object)'> (0x000000008909cc20) 
thrown [./open/src/hotspot/share/interpreter/linkResolver.cpp, line 782]
Event: 0.555 Thread 0x0000027b23552720 Exception <a 'java/lang/NoSuchMethodError'{0x00000000890c2ec8}: 'java.lang.Object java.lang.invoke.DirectMethodHandle$Holder.invokeStatic(java.lang.Object, int, java.lang.Object)'> (0x00000000890c2ec8) 
thrown [./open/src/hotspot/share/interpreter/linkResolver.cpp, line 782]
Event: 0.616 Thread 0x0000027b23552720 Exception <a 'java/lang/ClassNotFoundException'{0x0000000088f7bba8}: com/sun/swing/internal/plaf/metal/resources/spi/metalProvider> (0x0000000088f7bba8) 
thrown [./open/src/hotspot/share/classfile/systemDictionary.cpp, line 295]
Event: 0.618 Thread 0x0000027b23552720 Exception <a 'java/lang/ClassNotFoundException'{0x0000000088f7fbe8}: com/sun/swing/internal/plaf/basic/resources/spi/basicProvider> (0x0000000088f7fbe8) 
thrown [./open/src/hotspot/share/classfile/systemDictionary.cpp, line 295]
Event: 0.702 Thread 0x0000027b23552720 Exception <a 'java/lang/NoSuchMethodError'{0x0000000088e000e0}: 'void java.lang.invoke.DirectMethodHandle$Holder.invokeStaticInit(java.lang.Object)'> (0x0000000088e000e0) 
thrown [./open/src/hotspot/share/interpreter/linkResolver.cpp, line 782]
Event: 1.171 Thread 0x0000027b23552720 Exception <a 'java/lang/NoSuchMethodError'{0x0000000088bc99c8}: 'void java.lang.invoke.DirectMethodHandle$Holder.invokeStaticInit(java.lang.Object, java.lang.Object)'> (0x0000000088bc99c8) 
thrown [./open/src/hotspot/share/interpreter/linkResolver.cpp, line 782]
Event: 1.204 Thread 0x0000027b23552720 Exception <a 'java/lang/NoSuchMethodError'{0x0000000088bf6800}: 'java.lang.Object java.lang.invoke.DirectMethodHandle$Holder.invokeStaticInit(java.lang.Object, int, int, int, int)'> (0x0000000088bf6800) 
thrown [./open/src/hotspot/share/interpreter/linkResolver.cpp, line 782]
Event: 1.547 Thread 0x0000027b23552720 Exception <a 'java/lang/NoSuchMethodError'{0x0000000088ab82b0}: 'java.lang.Object java.lang.invoke.DirectMethodHandle$Holder.invokeStaticInit(java.lang.Object, java.lang.Object, int, int, int, int)'> (0x0000000088ab82b0) 
thrown [./open/src/hotspot/share/interpreter/linkResolver.cpp, line 782]

Events (20 events):
Event: 1.801 loading class javax/swing/event/ListSelectionListener done
Event: 1.801 loading class javax/swing/event/CellEditorListener
Event: 1.801 loading class javax/swing/event/CellEditorListener done
Event: 1.801 loading class javax/swing/event/RowSorterListener
Event: 1.801 loading class javax/swing/event/RowSorterListener done
Event: 1.802 loading class javax/swing/JTable done
Event: 1.802 loading class javax/swing/JScrollPane
Event: 1.802 loading class javax/swing/ScrollPaneConstants
Event: 1.802 loading class javax/swing/ScrollPaneConstants done
Event: 1.803 loading class javax/swing/JScrollPane done
Event: 1.803 loading class javax/swing/table/TableModel
Event: 1.803 loading class javax/swing/table/TableModel done
Event: 1.803 Executing VM operation: ICBufferFull
Event: 1.803 Executing VM operation: ICBufferFull done
Event: 1.803 Executing VM operation: HandshakeAllThreads
Event: 1.803 Executing VM operation: HandshakeAllThreads done
Event: 1.805 loading class javax/swing/table/AbstractTableModel
Event: 1.805 loading class javax/swing/table/AbstractTableModel done
Event: 1.833 Thread 0x0000027b23552720 Thread exited: 0x0000027b23552720
Event: 1.833 Thread 0x0000027b23552720 Thread added: 0x0000027b23552720


Dynamic libraries:
0x00007ff7bfcc0000 - 0x00007ff7bfccf000 	C:\Program Files\Java\jdk-15.0.2\bin\java.exe
0x00007ffbf5800000 - 0x00007ffbf59f0000 	C:\WINDOWS\SYSTEM32\ntdll.dll
0x00007ffbf4590000 - 0x00007ffbf4642000 	C:\WINDOWS\System32\KERNEL32.DLL
0x00007ffbf3250000 - 0x00007ffbf34f3000 	C:\WINDOWS\System32\KERNELBASE.dll
0x00007ffbf3530000 - 0x00007ffbf362a000 	C:\WINDOWS\System32\ucrtbase.dll
0x00007ffbee630000 - 0x00007ffbee649000 	C:\Program Files\Java\jdk-15.0.2\bin\VCRUNTIME140.dll
0x00007ffbee670000 - 0x00007ffbee688000 	C:\Program Files\Java\jdk-15.0.2\bin\jli.dll
0x00007ffbf4aa0000 - 0x00007ffbf4b43000 	C:\WINDOWS\System32\ADVAPI32.dll
0x00007ffbf4320000 - 0x00007ffbf43be000 	C:\WINDOWS\System32\msvcrt.dll
0x00007ffbf4280000 - 0x00007ffbf4317000 	C:\WINDOWS\System32\sechost.dll
0x00007ffbf3a70000 - 0x00007ffbf3b90000 	C:\WINDOWS\System32\RPCRT4.dll
0x00007ffbf5260000 - 0x00007ffbf53f4000 	C:\WINDOWS\System32\USER32.dll
0x00007ffbe0dc0000 - 0x00007ffbe1045000 	C:\WINDOWS\WinSxS\amd64_microsoft.windows.common-controls_6595b64144ccf1df_6.0.18362.535_none_e6c3b34713100821\COMCTL32.dll
0x00007ffbf3500000 - 0x00007ffbf3521000 	C:\WINDOWS\System32\win32u.dll
0x00007ffbf4760000 - 0x00007ffbf4a96000 	C:\WINDOWS\System32\combase.dll
0x00007ffbf4730000 - 0x00007ffbf4756000 	C:\WINDOWS\System32\GDI32.dll
0x00007ffbf3180000 - 0x00007ffbf3200000 	C:\WINDOWS\System32\bcryptPrimitives.dll
0x00007ffbf2760000 - 0x00007ffbf28f4000 	C:\WINDOWS\System32\gdi32full.dll
0x00007ffbf3630000 - 0x00007ffbf36ce000 	C:\WINDOWS\System32\msvcp_win.dll
0x00007ffbe13a0000 - 0x00007ffbe13aa000 	C:\WINDOWS\SYSTEM32\VERSION.dll
0x00007ffbf43c0000 - 0x00007ffbf43ee000 	C:\WINDOWS\System32\IMM32.DLL
0x00007ffbee660000 - 0x00007ffbee66c000 	C:\Program Files\Java\jdk-15.0.2\bin\vcruntime140_1.dll
0x00007ffbeb800000 - 0x00007ffbeb891000 	C:\Program Files\Java\jdk-15.0.2\bin\msvcp140.dll
0x00007ffb8acc0000 - 0x00007ffb8b81e000 	C:\Program Files\Java\jdk-15.0.2\bin\server\jvm.dll
0x00007ffbf4bd0000 - 0x00007ffbf4bd8000 	C:\WINDOWS\System32\PSAPI.DLL
0x00007ffbe05e0000 - 0x00007ffbe05e9000 	C:\WINDOWS\SYSTEM32\WSOCK32.dll
0x00007ffbf4470000 - 0x00007ffbf44df000 	C:\WINDOWS\System32\WS2_32.dll
0x00007ffbe86e0000 - 0x00007ffbe8704000 	C:\WINDOWS\SYSTEM32\WINMM.dll
0x00007ffbe86b0000 - 0x00007ffbe86dd000 	C:\WINDOWS\SYSTEM32\WINMMBASE.dll
0x00007ffbf29b0000 - 0x00007ffbf29fa000 	C:\WINDOWS\System32\cfgmgr32.dll
0x00007ffbf26b0000 - 0x00007ffbf26c1000 	C:\WINDOWS\System32\kernel.appcore.dll
0x00007ffbee620000 - 0x00007ffbee62a000 	C:\Program Files\Java\jdk-15.0.2\bin\jimage.dll
0x00007ffbf0f40000 - 0x00007ffbf1134000 	C:\WINDOWS\SYSTEM32\DBGHELP.DLL
0x00007ffbdfaf0000 - 0x00007ffbdfb1a000 	C:\WINDOWS\SYSTEM32\dbgcore.DLL
0x00007ffbecfd0000 - 0x00007ffbecfde000 	C:\Program Files\Java\jdk-15.0.2\bin\instrument.dll
0x00007ffbece40000 - 0x00007ffbece65000 	C:\Program Files\Java\jdk-15.0.2\bin\java.dll
0x00007ffbf3b90000 - 0x00007ffbf4275000 	C:\WINDOWS\System32\SHELL32.dll
0x00007ffbf39c0000 - 0x00007ffbf3a69000 	C:\WINDOWS\System32\shcore.dll
0x00007ffbf2a00000 - 0x00007ffbf317f000 	C:\WINDOWS\System32\windows.storage.dll
0x00007ffbf26d0000 - 0x00007ffbf26ef000 	C:\WINDOWS\System32\profapi.dll
0x00007ffbf26f0000 - 0x00007ffbf273a000 	C:\WINDOWS\System32\powrprof.dll
0x00007ffbf26a0000 - 0x00007ffbf26b0000 	C:\WINDOWS\System32\UMPDC.dll
0x00007ffbf5730000 - 0x00007ffbf5782000 	C:\WINDOWS\System32\shlwapi.dll
0x00007ffbf3200000 - 0x00007ffbf3217000 	C:\WINDOWS\System32\cryptsp.dll
0x00007ffbea940000 - 0x00007ffbea958000 	C:\Program Files\Java\jdk-15.0.2\bin\zip.dll
0x00007ffbeb7e0000 - 0x00007ffbeb7f9000 	C:\Program Files\Java\jdk-15.0.2\bin\net.dll
0x00007ffbebcc0000 - 0x00007ffbebdb0000 	C:\WINDOWS\SYSTEM32\WINHTTP.dll
0x00007ffbf1e80000 - 0x00007ffbf1ee7000 	C:\WINDOWS\system32\mswsock.dll
0x00007ffbeaa30000 - 0x00007ffbeaa42000 	C:\Program Files\Java\jdk-15.0.2\bin\nio.dll
0x00007ffbc8790000 - 0x00007ffbc8910000 	C:\Program Files\Java\jdk-15.0.2\bin\awt.dll
0x00007ffbf5190000 - 0x00007ffbf5254000 	C:\WINDOWS\System32\OLEAUT32.dll
0x00007ffbf0430000 - 0x00007ffbf04bf000 	C:\WINDOWS\SYSTEM32\apphelp.dll
0x00007ffbf0b20000 - 0x00007ffbf0b4d000 	C:\WINDOWS\system32\DWMAPI.DLL
0x00007ffbf05f0000 - 0x00007ffbf0689000 	C:\WINDOWS\system32\uxtheme.dll
0x00007ffbd4c60000 - 0x00007ffbd4db6000 	C:\WINDOWS\system32\opengl32.dll
0x00007ffbd69e0000 - 0x00007ffbd6a0c000 	C:\WINDOWS\SYSTEM32\GLU32.dll
0x00007ffbf12d0000 - 0x00007ffbf12f0000 	C:\WINDOWS\SYSTEM32\dxcore.dll
0x00007ffbf3880000 - 0x00007ffbf39b5000 	C:\WINDOWS\System32\MSCTF.dll
0x00007ffbf5400000 - 0x00007ffbf5556000 	C:\WINDOWS\System32\ole32.dll
0x00007ffbd1590000 - 0x00007ffbd1615000 	C:\Program Files\Java\jdk-15.0.2\bin\freetype.dll
0x00007ffbc8d50000 - 0x00007ffbc8df9000 	C:\Program Files\Java\jdk-15.0.2\bin\fontmanager.dll
0x00007ffbe7cb0000 - 0x00007ffbe7d4e000 	C:\WINDOWS\System32\TextInputFramework.dll
0x00007ffbf0170000 - 0x00007ffbf0244000 	C:\WINDOWS\System32\CoreMessaging.dll
0x00007ffbe7860000 - 0x00007ffbe7b8a000 	C:\WINDOWS\System32\CoreUIComponents.dll
0x00007ffbedbe0000 - 0x00007ffbedd33000 	C:\WINDOWS\SYSTEM32\wintypes.dll
0x00007ffbf16c0000 - 0x00007ffbf16f1000 	C:\WINDOWS\SYSTEM32\ntmarta.dll
0x00007ffbe5c30000 - 0x00007ffbe5ed6000 	C:\WINDOWS\System32\iertutil.dll
0x00007ffbf19e0000 - 0x00007ffbf1a13000 	C:\WINDOWS\system32\rsaenh.dll
0x00007ffbf3220000 - 0x00007ffbf3246000 	C:\WINDOWS\System32\bcrypt.dll
0x00007ffbf25c0000 - 0x00007ffbf25e5000 	C:\WINDOWS\SYSTEM32\USERENV.dll
0x00007ffbf2060000 - 0x00007ffbf206c000 	C:\WINDOWS\SYSTEM32\CRYPTBASE.dll
0x00007ffbf1b90000 - 0x00007ffbf1bca000 	C:\WINDOWS\SYSTEM32\IPHLPAPI.DLL
0x00007ffbf4c40000 - 0x00007ffbf4c48000 	C:\WINDOWS\System32\NSI.dll
0x00007ffbe9b70000 - 0x00007ffbe9b86000 	C:\WINDOWS\SYSTEM32\dhcpcsvc6.DLL
0x00007ffbe9c40000 - 0x00007ffbe9c5c000 	C:\WINDOWS\SYSTEM32\dhcpcsvc.DLL
0x00007ffbf1bd0000 - 0x00007ffbf1c9a000 	C:\WINDOWS\SYSTEM32\DNSAPI.dll
0x0000000067780000 - 0x0000000067856000 	C:\Users\Юлия\AppData\Local\Temp\sqlite-3.32.3.2-e25db862-0c89-4e31-b1b1-b0f98a45bd2f-sqlitejdbc.dll

dbghelp: loaded successfully - version: 4.0.5 - missing functions: none
symbol engine: initialized successfully - sym options: 0x614 - pdb path: .;C:\Program Files\Java\jdk-15.0.2\bin;C:\WINDOWS\SYSTEM32;C:\WINDOWS\WinSxS\amd64_microsoft.windows.common-controls_6595b64144ccf1df_6.0.18362.535_none_e6c3b34713100821;C:\Program Files\Java\jdk-15.0.2\bin\server;C:\Users\Юлия\AppData\Local\Temp

VM Arguments:
jvm_args: -javaagent:C:\Program Files\JetBrains\Новая папка (2)\IntelliJ IDEA Community Edition 2020.3.2\lib\idea_rt.jar=53936:C:\Program Files\JetBrains\Новая папка (2)\IntelliJ IDEA Community Edition 2020.3.2\bin -Dfile.encoding=UTF-8 
java_command: com.company.Main
java_class_path (initial): C:\Юлия\Институт\2 курс\Салон красоты\out\production\Салон красоты;C:\Юлия\Институт\2 курс\ООП\sqlite-jdbc-3.32.3.2.jar;C:\Users\Юлия\Downloads\jdatepicker-1.3.4.jar
Launcher Type: SUN_STANDARD

[Global flags]
     intx CICompilerCount                          = 3                                         {product} {ergonomic}
     uint ConcGCThreads                            = 1                                         {product} {ergonomic}
     uint G1ConcRefinementThreads                  = 4                                         {product} {ergonomic}
   size_t G1HeapRegionSize                         = 1048576                                   {product} {ergonomic}
    uintx GCDrainStackTargetSize                   = 64                                        {product} {ergonomic}
   size_t InitialHeapSize                          = 134217728                                 {product} {ergonomic}
   size_t MarkStackSize                            = 4194304                                   {product} {ergonomic}
   size_t MaxHeapSize                              = 2126512128                                {product} {ergonomic}
   size_t MaxNewSize                               = 1275068416                                {product} {ergonomic}
   size_t MinHeapDeltaBytes                        = 1048576                                   {product} {ergonomic}
   size_t MinHeapSize                              = 8388608                                   {product} {ergonomic}
    uintx NonNMethodCodeHeapSize                   = 5832780                                {pd product} {ergonomic}
    uintx NonProfiledCodeHeapSize                  = 122912730                              {pd product} {ergonomic}
    uintx ProfiledCodeHeapSize                     = 122912730                              {pd product} {ergonomic}
    uintx ReservedCodeCacheSize                    = 251658240                              {pd product} {ergonomic}
     bool SegmentedCodeCache                       = true                                      {product} {ergonomic}
   size_t SoftMaxHeapSize                          = 2126512128                             {manageable} {ergonomic}
     bool UseCompressedClassPointers               = true                                 {lp64_product} {ergonomic}
     bool UseCompressedOops                        = true                                 {lp64_product} {ergonomic}
     bool UseG1GC                                  = true                                      {product} {ergonomic}
     bool UseLargePagesIndividualAllocation        = false                                  {pd product} {ergonomic}

Logging:
Log output configuration:
 #0: stdout all=warning uptime,level,tags
 #1: stderr all=off uptime,level,tags

Environment Variables:
PATH=C:\Program Files\Common Files\Oracle\Java\javapath;C:\Program Files (x86)\Intel\iCLS Client\;C:\Program Files\Intel\iCLS Client\;C:\WINDOWS\system32;C:\WINDOWS;C:\WINDOWS\System32\Wbem;C:\WINDOWS\System32\WindowsPowerShell\v1.0\;C:\WINDOWS\System32\OpenSSH\;C:\Program Files (x86)\Intel\Intel(R) Management Engine Components\DAL;C:\Program Files\Intel\Intel(R) Management Engine Components\DAL;C:\Program Files (x86)\Intel\Intel(R) Management Engine Components\IPT;C:\Program Files\Intel\Intel(R) Management Engine Components\IPT;C:\Program Files\dotnet\;C:\Program Files\Microsoft SQL Server\130\Tools\Binn\;C:\Program Files\Microsoft SQL Server\Client SDK\ODBC\170\Tools\Binn\;C:\Program Files\Azure Data Studio\bin;C:\Program Files (x86)\Microsoft SQL Server\150\DTS\Binn\;C:\Users\Юлия\AppData\Local\Microsoft\WindowsApps;C:\Program Files\Jet\IntelliJ IDEA Community Edition 2020.2.1\bin;;C:\Users\Юлия\.dotnet\tools;C:\Users\Юлия\AppData\Local\GitHubDesktop\bin;C:\Program Files\Azure Data Studio\bin
USERNAME=Юлия
OS=Windows_NT
PROCESSOR_IDENTIFIER=Intel64 Family 6 Model 61 Stepping 4, GenuineIntel



---------------  S Y S T E M  ---------------

OS:
 Windows 10 , 64 bit Build 18362 (10.0.18362.329)
OS uptime: 0 days 1:39 hours
HyperV virtualization detected

CPU: total 4 (initial active 4) (2 cores per cpu, 2 threads per core) family 6 model 61 stepping 4 microcode 0x2b, cmov, cx8, fxsr, mmx, sse, sse2, sse3, ssse3, sse4.1, sse4.2, popcnt, vzeroupper, avx, avx2, aes, clmul, erms, 3dnowpref, lzcnt, ht, tsc, tscinvbit, bmi1, bmi2, adx, fma, clflush

Memory: 4k page, system-wide physical 8104M (2446M free)
TotalPageFile size 10152M (AvailPageFile size 3154M)
current process WorkingSet (physical memory assigned to process): 69M, peak: 70M
current process commit charge ("private bytes"): 218M, peak: 219M

vm_info: Java HotSpot(TM) 64-Bit Server VM (15.0.2+7-27) for windows-amd64 JRE (15.0.2+7-27), built on Dec  7 2020 20:07:01 by "mach5one" with unknown MS VC++:1925

END.
